[   0.0000Initalin cgrupubys cse
[    0.000]Initlingcgro subsys cpu
[  0.000000] Initializing cgroup subsys cpuacct
[    0.000000] Linux version 4.4.0-134-generic (buildd@lgw01-amd64-033) (gcc version 5.4.0 20160609 (Ubuntu 5.4.0-6ubuntu1~16.04.10) ) #160-Ubuntu SMP Wed Aug 15 14:58:00 UTC 2018 (Ubuntu 4.4.0-134.160-generic 4.4.140)
[    0.000000] Command line: BOOT_IMAGE=/boot/vmlinuz-4.4.0-134-generic root=LABEL=cloudimg-rootfs ro console=tty1 console=ttyS0
[    0.000000] KERNEL supported cpus:
[    0.000000]   Intel GenuineIntel
[    0.000000]   AMD AuthenticAMD
[    0.000000]   Centaur CentaurHauls
[    0.000000] x86/fpu: xstate_offset[2]:  576, xstate_sizes[2]:  256
[    0.000000] x86/fpu: Supporting XSAVE feature 0x01: 'x87 floating point registers'
[    0.000000] x86/fpu: Supporting XSAVE feature 0x02: 'SSE registers'
[    0.000000] x86/fpu: Supporting XSAVE feature 0x04: 'AVX registers'
[    0.000000] x86/fpu: Enabled xstate features 0x7, context size is 832 bytes, using 'standard' format.
[    0.000000] e820: BIOS-provided physical RRAM p:[   0.000000] BIOS-e820: [mem 0x0000000000000000-0x000000000009fbff] usable
[    0.000000] BIOS-e820: [mem 0x000000000009fc00-0x000000000009ffff] reserved
[    0.000000] BIOS-e820: [mm 00000000000-0x0000000fff]eservd
[    0.000000] BIOS-e820: [mem 0x0000000000100000-0x000000003ffeffff] usable
[    0.000000] BIOS-e820: [mem 0x000000003fff0000-0x000000003fffffff] ACPI data
[    0.000000] BIOS-e820: [mem 0x00000000fec00000-0x00000000fec00fff] reserved
[    0.000000] BIOS-e820: [mem 0x00000000fee00000-0x00000000fee00fff] reserved
[    0.000000] BIOS-e820: [mem 0x00000000fffc0000-0x00000000ffffffff] reserved
[    0.000000] NX (Execute Disable) protection: active
[    0.000000] SMBIOS 2.5 present.
[    0.000000] Hypervisor detected: KVM
[    0.000000] e820: last_pfn = 0x3fff0 max_arch_pfn = 0x400000000
[    0.000000] MTRR: Disabled
[    0.000000] x86/PAT: MTRRs disabled, skipping PAT initialization too.
[    0.000000] CPU MTRRs all blank - virtualized system.
[    0.000000] x86/PAT: Configuration [0-7]: WB  WT  UC- UC  WB  WT  UC- UC  
[    0.000000] found SMP MP-table at [mem 0x0009fff0-0x0009ffff] mapped at [ffff88000009fff0]
[    0.000000] Scanning 1 areas for low memory corruption
[    0.000000] RAMDISK: [mem 0x3630c000-0x3717dfff]
[    0.000000] ACPI: Early table checksum verification disabled
[    0.000000] ACPI: RSDP 0x00000000000E0000 000024 (v02 VBOX  )
[    0.000000] ACPI: XSDT 0x000000003FFF0030 00003C (v01 VBOX   VBOXXSDT 00000001 ASL  00000061)
[    0.000000] ACPI: FACP 0x000000003FFF00F0 0000F4 (v04 VBOX   VBOXFACP 00000001 ASL  00000061)
[    0.000000] ACPI: DSDT 0x000000003FFF0470 0021FF (v02 VBOX   VBOXBIOS 00000002 INTL 20100528)
[    0.000000] ACPI: FACS 0x000000003FFF0200 000040
[    0.000000] ACPI: FACS 0x000000003FFF0200 000040
[    0.000000] ACPI: APIC 0x000000003FFF0240 00005C (v02 VBOX   VBOXAPIC 00000001 ASL  00000061)
[    0.000000] ACPI: SSDT 0x000000003FFF02A0 0001CC (v01 VBOX   VBOXCPUT 00000002 INTL 20100528)
[    0.000000] No NUMA configuration found
[    0.000000] Faking a node at [mem 0x0000000000000000-0x000000003ffeffff]
[    0.000000] NODE_DATA(0) allocated [mem 0x3ffeb000-0x3ffeffff]
[    0.000000] kvm-clock: Using msrs 4b564d01 and 4b564d00
[    0.000000] kvm-clock: cpu 0, msr 0:3ffe3001, primary cpu clock
[    0.000000] kvm-clock: using sched offset of 3300290023 cycles
[    0.000000] clocksource: kvm-clock: mask: 0xffffffffffffffff max_cycles: 0x1cd42e4dffb, max_idle_ns: 8815905914 ns
[    0.000000] Zone ranges:
[    0.000000]   DMA      [mem 0x0000000000001000-0x0000000000ffffff]
[    0.000000]   DMA  [memx000000000-0x00003ffff
    0000] Noal  mp
   0.000   Deve empt
[   0.0000] vae zo srtfoea nde
  0.0000 Ely memy de rge
[    0.0000  ode 0:mem 000000010-0x00000009ff
[   0.000   nde   0: [mem 0x0000000000100000-0x000000003ffeffff]
[    0.000000] Initmem setup node 0 [mem 0x0000000000001000-0x000000003ffeffff]
[    0.000000] ACPI: PM-Timer IO Port: 0x4008
[    0.000000] IOAPIC[0]: apic_id 2version 32, address 0xfec00000, GSI 0-23
[    0.000000] ACPI: INT_SRC_OVR (bus 0 bus_irq 0 global_irq 2 dfl dfl)
[    0.000000] API: T_C_OV(b 0bus_rq 9 global_irq 9 low level)
[    0.000000] Using ACPI (MADT) for SMP configuration information
[    0.000000] smpboot: Allowing 2 CPUs, 0 hotplug CPUs
[    0.000000] PM: Registered nosave memory: [mem 0x00000000-0x00000fff]
[    0.000000] PM: Registered nosave memory: [mem 0x0009f000-0x0009ffff]
[    0.000000] PM: Registered nosave memory: [mem 0x000a0000-0x000effff]
[    0.000000] PM: Registered nosave memory: [mem x000f0000-0x000fffff]
[    0.000000] e820: [mem 0x40000000-0xfebfffff] available for PCI devices
[    0.000000] Booting paravirtualized kernel on KVM
[    0.000000 clocksource: refined-jiffies: mask: 0xffffffff max_cycles: 0xffffffff, max_idle_ns: 7645519600211568 ns
[    0.000000] setup_percpu: NR_CPUS:512 nr_cpumask_bits:512 nr_cpu_ids:2 nr_node_ids:1
[    0.000000] PERCPU: Embedded 34 pages/cpu @ffff88003fc00000 s99544 r8192 d31528 u1048576
[    0.000000] PV qspinlock hash table entries: 256 (order: 0, 4096 bytes)
[    0.000000] Built 1 zonelists in Node order, mobility grouping on.  Total pages: 257912
[    0.000000] Policy zone: DMA32
[    0.000000] Kernel command line: BOOT_IMAGE=/boot/vmlinuz-4.4.0-134-generic root=LABEL=cloudimg-rootfs ro console=tty1 console=ttyS0
[    0.000000] PID hash table entries: 4096 (order: 3, 32768 bytes)
[    0.000000] Memory: 997724K/1048120K available (8554K kernel code, 1314K rwdata, 4004K rodata, 1516K init, 1316K bss, 50396K reserved, 0K cma-reserved)
[    0.000000] SLUB: HWalign=64, Order=0-3, MinObjects=0, CPUs=2, Nodes=1
[    0.000000] Kernel/User page tables isolation: enabled
[    0.000000] Hierarchical RCU implementation.
[    0.000000] 	Build-time adjustment of leaf fanout to 64.
[    0.000000] 	RCU restricting CPUs from NR_CPUS=512 to nr_cpu_ids=2.
[    0.000000] RCU: Adjusting geometry for rcu_fanout_leaf=64, nr_cpu_ids=2
[    0.000000] NR_IRQS:33024 nr_irqs:440 16
[    0.000000] Console: colour VGA+ 80x25
[    0.000000] console [tty1] enabled
[    0.000000] console [ttyS0] enabled
[    0.000000] tsc: Detected 3192.612 MHz processor
[    2.403247] Calibrating delay loop (skipped) preset value.. 6385.22 BogoMIPS (lpj=12770448)
[    2.404574] pid_max: default: 32768 minimum: 301
[    2.405297] ACPI: Core revision 20150930
[    2.406721] ACPI: 2 ACPI AML tables successfully acquired and loaded
[    2.431383] Security Framework initialized
[    2.432046] Yama: becoming mindful.
[    2.432649] AppArmor: AppArmor initialized
[    2.433350] Dentry cache hash table entries: 131072 (order: 8, 1048576 bytes)
[    2.442646] Inode-cache hash table entries: 65536 (order: 7, 524288 bytes)
[    2.683280] Mount-cache hash table entries: 2048 (order: 2, 16384 bytes)
[    2.687452] Mountpoint-cache hash table entries: 2048 (order: 2, 16384 bytes)
[    2.688557] Initializing cgroup subsys io
[    2.689196] Initializing cgroup subsys memory
[    2.689875] Initializing cgroup subsys devices
[    2.690637] Initializing cgroup subsys freezer
[    2.768037] Initializing cgroup subsys net_cls
[    2.768750] Initializing cgroup subsys perf_event
[    2.769454] Initializing cgroup subsys net_prio
[    2.770142] Initializing cgroup subsys hugetlb
[    2.772813] Initializing cgroup subsys pids
[    2.774265] mce: CPU supports 0 MCE banks
[    2.835359] Last level iTLB entries: 4KB 1024, 2MB 1024, 4MB 1024
[    2.836255] Last level dTLB entries: 4KB 1024, 2MB 1024, 4MB 1024, 1GB 4
[    2.837211] Spectre V2 : Mitigation: Full generic retpoline
[    2.838007] Spectre V2 : Speculation control IBPB not-supported IBRS not-supported
[    2.839061] Speculative Store Bypass: Vulnerable
[    2.842000] Freeing SMP alternatives memory: 32K
[    2.849601] ftrace: allocating 32266 entries in 127 pages
[    2.904311] smpboot: APIC(0) Converting physical 0 to logical package 0
[    2.952878] smpboot: Max logical packages: 1
[    2.953797] x2apic enabled
[    2.954501] Switched APIC routing to physical x2apic.
[    2.956243] ..TIMER: vector=0x30 apic1=0 pin1=2 apic2=-1 pin2=-1
[    3.062440] smpboot: CPU0: Intel(R) Core(TM) i5-4460  CPU @ 3.20GHz (family: 0x6, model: 0x3c, stepping: 0x3)
[    3.075750] Performance Events: unsupported p6 CPU model 60 no PMU driver, software events only.
[    3.077314] KVM setup paravirtual spinlock
[    3.084129] x86: Booting SMP configuration:
[    3.084792] .... node  #0, CPUs:      #1
[    3.159568] kvm-clock: cpu 1, msr 0:3ffe3041, secondary cpu clock
[    3.222366] mce: CPU supports 0 MCE banks
[    3.286242] x86: Booted up 1 node, 2 CPUs
[    3.287058] smpboot: Total of 2 processors activated (12770.44 BogoMIPS)
[    3.288263] devtmpfs: initialized
[    3.289981] evm: security.selinux
[    3.290568] evm: security.SMACK64
[    3.299130] evm: security.SMACK64EXEC
[    3.299773] evm: security.SMACK64TRANSMUTE
[    3.300429] evm: security.SMACK64MMAP
[    3.301037] evm: security.ima
[    3.301584] evm: security.capability
[    3.302327] clocksource: jiffies: mask: 0xffffffff max_cycles: 0xffffffff, max_idle_ns: 7645041785100000 ns
[    3.303763] futex hash table entries: 512 (order: 3, 32768 bytes)
[    3.304757] pinctrl core: initialized pinctrl subsystem
[    3.305600] RTC time: 10:50:47, date: 09/20/18
[    3.319559] NET: Registered protocol family 16
[    3.368179] cpuidle: using governor ladder
[    3.451890] cpuidle: using governor menu
[    3.460431] PCCT header not found.
[    3.461108] ACPI: bus type PCI registered
[    3.461787] acpiphp: ACPI Hot Plug PCI Controller Driver version: 0.5
[    3.462815] PCI: Using configuration type 1 for base access
[    3.476065] ACPI: Added _OSI(Module Device)
[    3.624218] ACPI: Added _OSI(Processor Device)
[    3.726784] ACPI: Added _OSI(3.0 _SCP Extensions)
[    3.727499] ACPI: Added _OSI(Processor Aggregator Device)
[    3.728862] ACPI: Executed 1 blocks of module-level executable AML code
[    3.731607] ACPI: Interpreter enabled
[    3.732232] ACPI: (supports S0 S5)
[    3.732794] ACPI: Using IOAPIC for interrupt routing
[    3.747381] PCI: Using host bridge windows from ACPI; if necessary, use "pci=nocrs" and report a bug
[    4.008401] ACPI: PCI Root Bridge [PCI0] (domain 0000 [bus 00-ff])
[    4.009288] acpi PNP0A03:00: _OSC: OS supports [ASPM ClockPM Segments MSI]
[    4.010297] acpi PNP0A03:00: _OSC: not requesting OS control; OS requires [ExtendedConfig ASPM ClockPM MSI]
[    4.011759] acpi PNP0A03:00: fail to add MMCONFIG information, can't access extended PCI configuration space under this bridge.
[    4.013628] PCI host bridge to bus 0000:00
[    4.014290] pci_bus 0000:00: root bus resource [io  0x0000-0x0cf7 window]
[    4.015263] pci_bus 0000:00: root bus resource [io  0x0d00-0xffff window]
[    4.016214] pci_bus 0000:00: root bus resource [mem 0x000a0000-0x000bffff window]
[    4.017430] pci_bus 0000:00: root bus resource [mem 0x40000000-0xfdffffff window]
[    4.018663] pci_bus 0000:00: root bus resource [bus 00-ff]
[    4.020786] pci 0000:00:01.1: legacy IDE quirk: reg 0x10: [io  0x01f0-0x01f7]
[    4.021762] pci 0000:00:01.1: legacy IDE quirk: reg 0x14: [io  0x03f6]
[    4.088984] pci 0000:00:01.1: legacy IDE quirk: reg 0x18: [io  0x0170-0x0177]
[    4.099546] pci 0000:00:01.1: legacy IDE quirk: reg 0x1c: [io  0x0376]
[    4.115525] pci 0000:00:07.0: quirk: [io  0x4000-0x403f] claimed by PIIX4 ACPI
[    4.164106] pci 0000:00:07.0: quirk: [io  0x4100-0x410f] claimed by PIIX4 SMB
[    4.169382] ACPI: PCI Interrupt Link [LNKA] (IRQs 5 9 10 *11)
[    4.198289] ACPI: PCI Interrupt Link [LNKB] (IRQs 5 9 *10 11)
[    4.202228] ACPI: PCI Interrupt Link [LNKC] (IRQs 5 *9 10 11)
[    4.379040] ACPI: PCI Interrupt Link [LNKD] (IRQs 5 9 10 *11)
[    4.496774] ACPI: Enabled 2 GPEs in block 00 to 07
[    4.504132] vgaarb: setting as boot device: PCI:0000:00:02.0
[    4.505012] vgaarb: device added: PCI:0000:00:02.0,decodes=io+mem,owns=io+mem,locks=none
[    4.506296] vgaarb: loaded
[    4.506854] vgaarb: bridge control possible 0000:00:02.0
[    4.507825] SCSI subsystem initialized
[    4.521622] ACPI: bus type USB registered
[    4.543222] usbcore: registered new interface driver usbfs
[    4.544099] usbcore: registered new interface driver hub
[    4.544909] usbcore: registered new device driver usb
[    4.554771] PCI: Using ACPI for IRQ routing
[    4.689625] NetLabel: Initializing
[    4.691556] NetLabel:  domain hash size = 128
[    4.692293] NetLabel:  protocols = UNLABELED CIPSOv4
[    4.693032] NetLabel:  unlabeled traffic allowed by default
[    4.694056] amd_nb: Cannot enumerate AMD northbridges
[    4.705429] clocksource: Switched to clocksource kvm-clock
[   4.16] pAorAprm FesteEnbld
[    5.213189] pnp: PnP ACPI init
[    5.214363] pnp: PnP ACPI: found 3 devices

[   5.34] ocoue:cppmma: ffff m_cle 0fff,axdlns207024s  6.07] T:egted roocol amly 2
[   6.740612] TCP established hash table entries: 8192 (order: 4, 65536 bytes)

[    6.769356] TCP bind hash table entries: 8192 (order: 5, 131072 bytes)
[    6.770323] TCP: Hash tables configured (establishe81 bd 92
[  6790]DPastae tres51(oer2,63 bes
[    7.26] P-teastae trs:12orr:, 38bys)[  8.498 N: gitere ptol mi 1[  8275]ci000000: mingirctPCPCtrsfs   9.650 p 00::00:ctatg A A ngorrods[ 10602]npki inirafs...
[   11.176675] Freeing initrd memory: 14792K
[   11.318918] RAPL PMU detected, API unit is 2^-32 Joules, 4 fixed counters 10737418240 ms ovfl timer
[   11.555987] hw unit of domain pp0-core 2^-0 Joules
[   11.658611] hw unit of domain package 2^-0 Joules
[   11.768047] hw unit of domain dram 2^-0 Joules
[   11.768771] hw unit of domain pp1-gpu 2^-0 Joules
[   11.777128] platform rtc_cmos: registered platform RTC device (no PNP device found)
[   11.778447] Scanning for low memory corruption every 60 seconds
[   11.779589] audit: initializing netlink subsys (disabled)
[   11.780386] audit: type=2000 audit(1537440656.500:1): initialized
[   11.791127] Initialise system trusted keyring
[   11.791946] HugeTLB registered 2 MB page size, pre-allocated 0 pages
[   11.793976] zbud: loaded
[   11.794730] VFS: Disk quotas dquot_6.6.0
[   11.795386] VFS: Dquot-cache hash table entries: 512 (order 0, 4096 bytes)
[   11.796568] squashfs: version 4.0 (2009/01/31) Phillip Lougher
[   11.797598] fuse init (API version 7.23)
[   11.798404] Key type big_key registered
[   11.799039] Allocating IMA MOK and blacklist keyrings.
[   11.800768] Key type asymmetric registered
[   11.801414] Asymmetric key parser 'x509' registered
[   11.857868] Block layer SCSI generic (bsg) driver version 0.4 loaded (major 249)
[   11.945410] io scheduler noop registered
[   11.946081] io scheduler deadline registered (default)
[   11.946880] io scheduler cfq registered
[   11.947593] pci_hotplug: PCI Hot Plug PCI Core version: 0.5
[   11.948435] pciehp: PCI Express Hot Plug Controller Driver version: 0.4
[   11.949463] ACPI: AC Adapter [AC] (on-line)
[   11.950240] input: Power Button as /devices/LNXSYSTM:00/LNXPWRBN:00/input/input0
[   11.951415] ACPI: Power Button [PWRF]
[   11.952052] input: Sleep Button as /devices/LNXSYSTM:00/LNXSLPBN:00/input/input1
[   11.953236] ACPI: Sleep Button [SLPF]
[   11.954101] GHES: HEST is not enabled!
[   11.954775] Serial: 8250/16550 driver, 32 ports, IRQ sharing enabled
[   11.977420] 00:02: ttyS0 at I/O 0x3f8 (irq = 4, base_baud = 115200) is a 16550A
[   11.979441] Linux agpgart interface v0.103
[   11.981568] loop: module loaded
[   11.982653] scsi host0: ata_piix
[   11.983350] scsi host1: ata_piix
[   11.983942] ata1: PATA max UDMA/33 cmd 0x1f0 ctl 0x3f6 bmdma 0xd000 irq 14
[   12.128314] ata2: PATA max UDMA/33 cmd 0x170 ctl 0x376 bmdma 0xd008 irq 15
[   12.129393] libphy: Fixed MDIO Bus: probed
[   12.131528] tun: Universal TUN/TAP device driver, 1.6
[   12.139425] tun: (C) 1999-2004 Max Krasnyansky <maxk@qualcomm.com>
[   12.140402] PPP generic driver version 2.4.2
[   12.142887] ehci_hcd: USB 2.0 'Enhanced' Host Controller (EHCI) Driver
[   12.143867] ehci-pci: EHCI PCI platform driver
[   12.144593] ehci-platform: EHCI generic platform driver
[   12.145412] ohci_hcd: USB 1.1 'Open' Host Controller (OHCI) Driver
[   12.190115] ohci-pci: OHCI PCI platform driver
[   12.245715] ohci-platform: OHCI generic platform driver
[   12.246487] uhci_hcd: USB Universal Host Controller Interface driver
[   12.256227] i8042: PNP: PS/2 Controller [PNP0303:PS2K,PNP0f03:PS2M] at 0x60,0x64 irq 1,12
[   12.257937] serio: i8042 KBD port at 0x60,0x64 irq 1
[   12.258669] serio: i8042 AUX port at 0x60,0x64 irq 12
[   12.259504] mousedev: PS/2 mouse device common for all mice
[   12.260727] input: AT Translated Set 2 keyboard as /devices/platform/i8042/serio0/input/input2
[   12.262131] rtc_cmos rtc_cmos: rtc core: registered rtc_cmos as rtc0
[   12.389424] rtc_cmos rtc_cmos: alarms up to one day, 114 bytes nvram
[   12.390592] i2c /dev entries driver
[   12.391265] device-mapper: uevent: version 1.0.3
[   12.392116] device-mapper: ioctl: 4.34.0-ioctl (2015-10-28) initialised: dm-devel@redhat.com
[   12.536312] ledtrig-cpu: registered to indicate activity on CPUs
[   12.620066] NET: Registered protocol family 10
[   12.627543] NET: Registered protocol family 17
[   12.628274] Key type dns_resolver registered
[   12.638366] registered taskstats version 1
[   12.639054] Loading compiled-in X.509 certificates
[   12.640300] Loaded X.509 cert 'Build time autogenerated kernel key: 4eb3d024ac16f76c1747ffd474694c84db21038b'
[   12.641801] zswap: loaded using pool lzo/zbud
[   12.643845] Key type trusted registered
[   12.646669] Key type encrypted registered
[   12.714179] AppArmor: AppArmor sha1 policy hashing enabled
[   12.715018] ima: No TPM chip found, activating TPM-bypass!
[   12.715854] ima: Allocated hash algorithm: sha1
[   12.716553] evm: HMAC attrs: 0x1
[   12.717372]   Magic number: 2:369:831
[   12.774276] tsc: Refined TSC clocksource calibration: 3195.503 MHz
[   12.774277] clocksource: tsc: mask: 0xffffffffffffffff max_cycles: 0x2e0fb1fe9f7, max_idle_ns: 440795266715 ns
[   12.833784] rtc_cmos rtc_cmos: setting system clock to 2018-09-20 10:50:57 UTC (1537440657)
[   12.835248] BIOS EDD facility v0.16 2004-Jun-25, 0 devices found
[   12.855130] EDD information not available.
[   12.856869] Freeing unused kernel memory: 1516K
[   12.878010] Write protecting the kernel read-only data: 14336k
[   12.879214] Freeing unused kernel memory: 1672K
[   12.880089] Freeing unused kernel memory: 92K
Loading, please wait...
[   12.890668] random: systemd-udevd: uninitialized urandom read (16 bytes read, 2 bits of entropy available)
starting version 229
[   12.891102] random: udevadm: uninitialized urandom read (16 bytes read, 2 bits of entropy available)
[   12.891120] random: udevadm: uninitialized urandom read (16 bytes read, 2 bits of entropy available)
[   12.897167] random: udevadm: uninitialized urandom read (16 bytes read, 2 bits of entropy available)
[   12.897198] random: udevadm: uninitialized urandom read (16 bytes read, 2 bits of entropy available)
[   12.897297] random: udevadm: uninitialized urandom read (16 bytes read, 2 bits of entropy available)
[   12.897334] random: udevadm: uninitialized urandom read (16 bytes read, 2 bits of entropy available)
[   12.897371] random: udevadm: uninitialized urandom read (16 bytes read, 2 bits of entropy available)
[   12.897409] random: udevadm: uninitialized urandom read (16 bytes read, 2 bits of entropy available)
[   12.897542] random: udevadm: uninitialized urandom read (16 bytes read, 2 bits of entropy available)
[   12.975456] Fusion MPT base driver 3.04.20
[   12.988881] Copyright (c) 1999-2008 LSI Corporation
[   12.990689] e1000: Intel(R) PRO/1000 Network Driver - version 7.3.21-k8-NAPI
[   12.991722] e1000: Copyright (c) 1999-2006 Intel Corporation.
[   13.020877] AVX2 version of gcm_enc/dec engaged.
[   13.021594] Fusion MPT SPI Host driver 3.04.20
[   13.023843] AES CTR mode by8 optimization enabled
[   13.214771] input: ImExPS/2 Generic Explorer Mouse as /devices/platform/i8042/serio1/input/input4
[   13.353079] e1000 0000:00:03.0 eth0: (PCI:33MHz:32-bit) 02:1d:76:b3:3c:fe
[   13.478344] e1000 0000:00:03.0 eth0: Intel(R) PRO/1000 Network Connection
[   13.505183] mptbase: ioc0: Initiating bringup
[   13.505412] e1000 0000:00:03.0 enp0s3: renamed from eth0
[   13.705612] ioc0: LSI53C1030 A0: Capabilities={Initiator}
[   14.762051] scsi host2: ioc0: LSI53C1030 A0, FwRev=00000000h, Ports=1, MaxQ=256, IRQ=20
[   15.376686] scsi 2:0:0:0: Direct-Access     VBOX     HARDDISK         1.0  PQ: 0 ANSI: 5
[   15.510824] scsi target2:0:0: Beginning Domain Validation
[   15.512596] scsi target2:0:0: Domain Validation skipping write tests
[   15.585981] scsi target2:0:0: Ending Domain Validation
[   15.586829] scsi target2:0:0: asynchronous
[   16.082893] scsi 2:0:1:0: Direct-Access     VBOX     HARDDISK         1.0  PQ: 0 ANSI: 5
[   16.294698] scsi target2:0:1: Beginning Domain Validation
[   17.041391] scsi target2:0:1: Domain Validation skipping write tests
[   17.124567] scsi target2:0:1: Ending Domain Validation
[   17.125457] scsi target2:0:1: asynchronous
[   17.255292] sd 2:0:0:0: [sda] 20971520 512-byte logical blocks: (10.7 GB/10.0 GiB)
[   17.356267] sd 2:0:0:0: Attached scsi generic sg0 type 0
[   17.357496] sd 2:0:1:0: [sdb] 20480 512-byte logical blocks: (10.5 MB/10.0 MiB)
[   17.369905] sd 2:0:0:0: [sda] Write Protect is off
[   17.414077] sd 2:0:1:0: Attached scsi generic sg1 type 0
[   17.420505] sd 2:0:0:0: [sda] Incomplete mode parameter data
[   17.420576] sd 2:0:1:0: [sdb] Write Protect is off
[   17.420650] sd 2:0:1:0: [sdb] Incomplete mode parameter data
[   17.420651] sd 2:0:1:0: [sdb] Assuming drive cache: write through
[   17.437473] sd 2:0:0:0: [sda] Assuming drive cache: write through
[   17.450181]  sda: sda1
[   17.451074] sd 2:0:1:0: [sdb] Attached SCSI disk
[   17.455124] sd 2:0:0:0: [sda] Attached SCSI disk
Begin: Loading e[   18.724762] md: linear personality registered for level -1
ssential drivers[   18.861460] md: multipath personality registered for level -4
 ... [   18.963821] md: raid0 personality registered for level 0
[   18.966898] md: raid1 personality registered for level 1
[   19.073489] raid6: sse2x1   gen() 10321 MB/s
[   19.185786] raid6: sse2x1   xor()  8139 MB/s
[   19.258028] raid6: sse2x2   gen() 13374 MB/s
[   19.353695] raid6: sse2x2   xor()  8758 MB/s
[   19.438630] raid6: sse2x4   gen() 15330 MB/s
[   19.529450] raid6: sse2x4   xor() 10775 MB/s
[   19.662245] raid6: avx2x1   gen() 20062 MB/s
[   19.821435] raid6: avx2x2   gen() 23268 MB/s
[   19.897556] raid6: avx2x4   gen() 26514 MB/s
[   20.001344] raid6: using algorithm avx2x4 gen() 26514 MB/s
[   20.018291] raid6: using avx2x2 recovery algorithm
[   20.020141] xor: automatically using best checksumming function:
[   20.065934]    avx       : 29592.000 MB/sec
[   20.073933] async_tx: api initialized (async)
[   20.088428] md: raid6 personality registered for level 6
[   20.089245] md: raid5 personality registered for level 5
[   20.090057] md: raid4 personality registered for level 4
[   20.095851] md: raid10 personality registered for level 10
done.
Begin: Running /scripts/init-premount ... done.
Begin: Mounting root file system ... Begin: Running /scripts/local-top ... done.
Begin: Running /scripts/local-premount ... [   20.119508] Btrfs loaded
Scanning for Btrfs filesystems
done.
Warning: fsck no[   20.164254] EXT4-fs (sda1): INFO: recovery required on readonly filesystem
t present, so skipping root file system
[   20.238597] EXT4-fs (sda1): write access will be enabled during recovery
[   20.305588] EXT4-fs (sda1): orphan cleanup on readonly fs
[   21.319613] EXT4-fs (sda1): 1 orphan inode deleted
[   22.149069] EXT4-fs (sda1): recovery complete
[   22.278893] EXT4-fs (sda1): mounted filesystem with ordered data mode. Opts: (null)
done.
Begin: Running /scripts/local-bottom ... done.
Begin: Running /scripts/init-bottom ... done.
[   22.399587] systemd[1]: systemd 229 running in system mode. (+PAM +AUDIT +SELINUX +IMA +APPARMOR +SMACK +SYSVINIT +UTMP +LIBCRYPTSETUP +GCRYPT +GNUTLS +ACL +XZ -LZ4 +SECCOMP +BLKID +ELFUTILS +KMOD -IDN)
[   22.413755] systemd[1]: Detected virtualization oracle.
[   22.414574] systemd[1]: Detected architecture x86-64.

Welcome to [1mUbuntu 16.04.5 LTS[0m!

[   22.458178] systemd[1]: Set hostname to <ubuntu-xenial>.
[   22.696410] systemd[1]: Started Trigger resolvconf update for networkd DNS.
[[0;32m  OK  [0m] Started Trigger resolvconf update for networkd DNS.
[   22.917872] systemd[1]: Created slice User and Session Slice.
[[0;32m  OK  [0m] Created slice User and Session Slice.
[   23.126510] systemd[1]: Reached target Swap.
[[0;32m  OK  [0m] Reached target Swap.
[   23.282306] systemd[1]: Listening on LVM2 metadata daemon socket.
[[0;32m  OK  [0m] Listening on LVM2 metadata daemon socket.
[   23.472123] systemd[1]: Reached target System Time Synchronized.
[[0;32m  OK  [0m] Reached target System Time Synchronized.
[   23.491097] systemd[1]: Listening on Journal Audit Socket.
[[0;32m  OK  [0m] Listening on Journal Audit Socket.
[   23.553861] systemd[1]: Listening on udev Kernel Socket.
[[0;32m  OK  [0m] Listening on udev Kernel Socket.
[   23.713961] systemd[1]: Set up automount Arbitrary Executable File Formats File System Automount Point.
[[0;32m  OK  [0m] Set up automount Arbitrary Executab...ats File System Automount Point.
[   23.728136] systemd[1]: Reached target User and Group Name Lookups.
[[0;32m  OK  [0m] Reached target User and Group Name Lookups.
[   23.785658] systemd[1]: Listening on Journal Socket.
[[0;32m  OK  [0m] Listening on Journal Socket.
[   23.989626] systemd[1]: Listening on udev Control Socket.
[[0;32m  OK  [0m] Listening on udev Control Socket.
[   24.090641] systemd[1]: Started Forward Password Requests to Wall Directory Watch.
[[0;32m  OK  [0m] Started Forward Password Requests to Wall Directory Watch.
[   24.110291] systemd[1]: Listening on /dev/initctl Compatibility Named Pipe.
[[0;32m  OK  [0m] Listening on /dev/initctl Compatibility Named Pipe.
[   24.146295] systemd[1]: Created slice System Slice.
[[0;32m  OK  [0m] Created slice System Slice.
[   24.241838] systemd[1]: Starting Set console keymap...
[   24.247174] random: nonblocking pool is initialized
         Starting Set console keymap...
[   24.530061] systemd[1]: Created slice system-serial\x2dgetty.slice.
[[0;32m  OK  [0m] Created slice system-serial\x2dgetty.slice.
[   24.657696] systemd[1]: Starting Nameserver information manager...
         Starting Nameserver information manager...
[   24.659970] systemd[1]: Starting Create list of required static device nodes for the current kernel...
         Starting Create list of required st... nodes for the current kernel...
[   24.757800] systemd[1]: Mounting Huge Pages File System...
         Mounting Huge Pages File System...
[   24.958117] systemd[1]: Reached target Slices.
[[0;32m  OK  [0m] Reached target Slices.
[   25.082078] systemd[1]: Starting Remount Root and Kernel File Systems...
[   25.085910] EXT4-fs (sda1): re-mounted. Opts: (null)
         Starting Remount Root and Kernel File Systems...
[   25.256955] systemd[1]: Mounting Debug File System...
         Mounting Debug File System...
[   25.267638] systemd[1]: Mounting POSIX Message Queue File System...
         Mounting POSIX Message Queue File System...
[   25.289972] systemd[1]: Reached target Encrypted Volumes.
[[0;32m  OK  [0m] Reached target Encrypted Volumes.
[   25.310342] systemd[1]: Starting Uncomplicated firewall...
         Starting Uncomplicated firewall...
[   25.528066] systemd[1]: Listening on Journal Socket (/dev/log).
[[0;32m  OK  [0m] Listening on Journal Socket (/dev/log).
[   25.742423] systemd[1]: Listening on LVM2 poll daemon socket.
[[0;32m  OK  [0m] Listening on LVM2 poll daemon socket.
[   25.878290] systemd[1]: Starting Load Kernel Modules...
[   .904 Ladg CStrspt asv2-8.          Starting Load Kernel Mo[   26.557879] iscsi: registered transport (tcp)
dules...
[   26.575330] systemd[1]: Listening on Device-mapper event daemon FIFOs.
[[0;32m  OK  [0m] Listening on[   26.620777] iscsi: registered transport (iser)
 Device-mapper event daemon FIFOs.
[   26.714247] systemd[1]: Starting Monitoring of LVM2 mirrors, snapshots etc. using dmeventd or progress polling...
         Starting Monitoring of LVM2 mirrors... dmeventd or progress polling...
[   26.749740] systemd[1]: Listening on Syslog Socket.
[[0;32m  OK  [0m] Listening on Syslog Socket.
[   26.842245] systemd[1]: Starting Journal Service...
         Starting Journal Service...
[   27.022801] systemd[1]: Mounted Debug File System.
[[0;32m  OK  [0m] Mounted Debug File System.
[   27.245993] systemd[1]: Mounted Huge Pages File System.
[[0;32m  OK  [0m] Mounted Huge Pages File System.
[   27.330163] systemd[1]: Mounted POSIX Message Queue File System.
[[0;32m  OK  [0m] Mounted POSIX Message Queue File System.
[   27.578512] systemd[1]: Started Journal Service.
[[0;32m  OK  [0m] Started Journal Service.
[[0;32m  OK  [0m] Started Set console keymap.
[[0;32m  OK  [0m] Started Create list of required sta...ce nodes for the current kernel.
[[0;32m  OK  [0m] Started Remount Root and Kernel File Systems.
[[0;32m  OK  [0m] Started Uncomplicated firewall.
[[0;32m  OK  [0m] Started Load Kernel Modules.
[[0;32m  OK  [0m] Started Nameserver information manager.
[[0;32m  OK  [0m] Started LVM2 metadata daemon.
         Mounting FUSE Control File System...
         Starting Apply Kernel Variables...
         Starting udev Coldplug all Devices...
         Starting Load/Save Random Seed...
         Starting Create Static Device Nodes in /dev...
         Starting Flush Journal to Persistent Storage...
[[0;32m  OK  [0m] Mounted FUSE Control File System.
[[0;32m  OK  [0m] Started Monitoring of LVM2 mirrors,...ng dmeventd or progress polling.
[[0;32m  OK  [0m] Started Apply Kernel Variables.
[[0;32m  OK  [0m] Started Load/Save Random Seed.
[[0;32m  OK  [0m] Started Create Static Device Nodes in /dev.
[[0;32m  OK  [0m] Started udev Coldplug all Devices.
         Starting udev Kernel Device Manager...
[[0;32m  OK  [0m] Started Flush Journal to Persistent Storage.
[[0;32m  OK  [0m] Started udev Kernel Device Manager.
[[0;32m  OK  [0m] Started Dispatch Password Requests to Console Directory Watch.
[[0;32m  OK  [0m] Reached target Local File Systems (Pre).
[[0;32m  OK  [0m] Reached target Local File Systems.
         Starting Initial cloud-init job (pre-networking)...
         Starting LSB: AppArmor initialization...
         Starting Set console font and keymap...
         Starting Tell Plymouth To Write Out Runtime Data...
         Starting Create Volatile Files and Directories...
[[0;32m  OK  [0m] Started Create Volatile Files and Directories.
[[0;32m  OK  [0m] Started Tell Plymouth To Write Out Runtime Data.
[[0;32m  OK  [0m] Found device /dev/ttyS0.
[[0;32m  OK  [0m] Started LSB: AppArmor initialization.
[[0;32m  OK  [0m] Listening on Load/Save RF Kill Switch Status /dev/rfkill Watch.
         Starting Update UTMP about System Boot/Shutdown...
[[0;32m  OK  [0m] Started Update UTMP about System Boot/Shutdown.
[[0;32m  OK  [0m] Found device 82540EM Gigabit Ethern...r (PRO/1000 MT Desktop Adapter).
[   26.350406] [cloud-init[0;32m  OK  [0m[480]: ] Cloud-init v. 18.3-9-g2e62cb8a-0ubuntu1~16.04.2 running 'init-local' at Thu, 20 Sep 2018 10:51:15 +0000. Up 26.09 seconds.Started Initial cloud-init job (pre-networking).

[[0;32m  OK  [0m] Started Set console font and keymap.
[[0;32m  OK  [0m] Created slice system-getty.slice.
[[0;32m  OK  [0m] Reached target Network (Pre).
         Starting Raise network interfaces...
[[0;32m  OK  [0m] Started ifup for enp0s3.
[[0;32m  OK  [0m] Started Raise network interfaces.
[[0;32m  OK  [0m] Reached target Network.
         Starting Initial cloud-init job (metadata service crawler)...
[   27.391288] cloud-init[958]: Cloud-init v. 18.3-9-g2e62cb8a-0ubuntu1~16.04.2 running 'init' at Thu, 20 Sep 2018 10:51:16 +0000. Up 27.12 seconds.
[   27.524971] cloud-init[958]: ci-info: ++++++++++++++++++++++++++++++++++++++Net device info++++++++++++++++++++++++++++++++++++++
[   27.525204] cloud-init[958]: ci-info: +--------+------+----------------------------+---------------+--------+-------------------+
[[0;32m  OK  [0m] Started Initial cloud-init job (metadata service crawler).
[   27.525317] cloud-init[958]: ci-info: | Device |  Up  |          Address           |      Mask     | Scope  |     Hw-Address    |
[   28.112602] cloud-init[958]: ci-info: +--------+------+----------------------------+---------------+--------+-------------------+
[   28.112854] cloud-init[958]: ci-info: | enp0s3 | True |         10.0.2.15          | 255.255.255.0 | global | 02:1d:76:b3:3c:fe |
[[0;32m  OK  [0m] Reached target System Initialization.
[   28.112972] cloud-init[958]: ci-info: | enp0s3 | True | fe80::1d:76ff:feb3:3cfe/64 |       .       |  link  | 02:1d:76:b3:3c:fe |
[   28.676393] cloud-init[958]: ci-info: |   lo   | True |         127.0.0.1          |   255.0.0.0   |  host  |         .         |
[   28.676642] cloud-init[958]: ci-info: |   lo   | True |          ::1/128           |       .       |  host  |         .         |
         Starting LXD - unix socket.
[   28.676750] cloud-init[958]: ci-info: +--------+------+----------------------------+---------------+--------+-------------------+
[   29.188646] cloud-init[958]: ci-info: +++++++++++++++++++++++++++Route IPv4 info++++++++++++++++++++++++++++
[   29.188889] cloud-init[958]: ci-info: +-------+-------------+----------+---------------+-----------+-------+
[[0;32m  OK  [0m] Started ACPI Events Check.
[[   29.189000] cloud-init[958]: ci-info: | Route | Destination | Gateway  |    Genmask    | Interface | Flags |
[   29.556706] cloud-init[958]: ci-info: +-------+-------------+----------+---------------+-----------+-------+
[0;32m  OK  [0m] Reached target Paths.
[   29.556783] cloud-init[958]: ci-info: |   0   |   0.0.0.0   | 10.0.2.2 |    0.0.0.0    |   enp0s3  |   UG  |
[   30.177992] cloud-init[958]: ci-info: |   1   |   10.0.2.0  | 0.0.0.0  | 255.255.255.0 |   enp0s3  |   U   |
[   30.178252] cloud-init[958]: ci-info: +-------+-------------+----------+---------------+-----------+-------+
[[0;32m  OK  [0m] Started Daily apt download activities.
[   30.178353] cloud-init[958]: ci-info: +++++++++++++++++++Route IPv6 info+++++++++++++++++++
[   30.505296] cloud-init[958]: ci-info: +-------+-------------+---------+-----------+-------+
[[0;32m  OK  [0m] Listening on D-Bus System Message Bus Socket.
[   30.505367] cloud-init[958]: ci-info: | Route | Destination | Gateway | Interface | Flags |
[   30.897569] cloud-init[958]: ci-info: +-------+-------------+---------+-----------+-------+
[[0;32m  OK  [0m] Listening on ACPID Listen Socket.
[   30.897654] cloud-init[958]: ci-info: |   0   |  fe80::/64  |    ::   |   enp0s3  |   U   |
[   31.181774] cloud-init[958]: ci-info: |   3   |   ff00::/8  |    ::   |   enp0s3  |   U   |
[[0;32m  OK  [0m] Started Daily apt upgrade and clean activities.
[   31.181870] cloud-init[958]: ci-info: +-------+-------------+---------+-----------+-------+
         Starting Socket activation for snappy daemon.
[[0;32m  OK  [0m] Started Daily Cleanup of Temporary Directories.
[[0;32m  OK  [0m] Reached target Timers.
[[0;32m  OK  [0m] Listening on UUID daemon activation socket.
[[0;32m  OK  [0m] Reached target Cloud-config availability.
[[0;32m  OK  [0m] Reached target Network is Online.
         Starting iSCSI initiator daemon (iscsid)...
[[0;32m  OK  [0m] Listening on LXD - unix socket.
[[0;32m  OK  [0m] Listening on Socket activation for snappy daemon.
[[0;32m  OK  [0m] Reached target Sockets.
[[0;32m  OK  [0m] Reached target Basic System.
         Starting System Logging Service...
         Starting Login Service...
[[0;32m  OK  [0m] Started FUSE filesystem for LXC.
         Starting LSB: Record successful boot for GRUB...
         Starting Virtualbox guest utils...
[[0;32m  OK  [0m] Started Deferred execution scheduler.
[[0;32m  OK  [0m] Started D-Bus System Message Bus.
         Starting LSB: MD monitoring daemon...
         Starting OpenBSD Secure Shell server...
         Starting Snappy daemon...
         Starting LXD - container startup/shutdown...
[[0;32m  OK  [0m] Started Regular background program processing daemon.
[[0;32m  OK  [0m] Started ACPI event daemon.
[[0;32m  OK  [0m] Started Unattended Upgrades Shutdown.
         Starting Accounts Service...
         Starting /etc/rc.local Compatibility...
[[0;32m  OK  [0m] Started System Logging Service.
[[0;32m  OK  [0m] Started OpenBSD Secure Shell server.
[[0;32m  OK  [0m] Started iSCSI initiator daemon (iscsid).
[[0;32m  OK  [0m] Started LXD - container startup/shutdown.
[[0;32m  OK  [0m] Started /etc/rc.local Compatibility.
[[0;32m  OK  [0m] Started Snappy daemon.
[[0;32m  OK  [0m] Started LSB: Record successful boot for GRUB.
[[0;32m  OK  [0m] Started Virtualbox guest utils.
[[0;32m  OK  [0m] Started LSB: MD monitoring daemon.
[[0;32m  OK  [0m] Started Login Service.
         Starting Authenticate and Authorize Users to Run Privileged Tasks...
         Starting Wait until snapd is fully seeded...
         Starting Login to default iSCSI targets...
[[0;32m  OK  [0m] Started Wait until snapd is fully seeded.
[[0;32m  OK  [0m] Started Authenticate and Authorize Users to Run Privileged Tasks.
[[0;32m  OK  [0m] Started Accounts Service.
         Starting Apply the settings specified in cloud-config...
[[0;32m  OK  [0m] Started Login to default iSCSI targets.
[[0;32m  OK  [0m] Reached target Remote File Systems (Pre).
[[0;32m  OK  [0m] Reached target Remote File Systems.
         Starting LSB: Set the CPU Frequency Scaling governor to "ondemand"...
         Starting LSB: daemon to balance interrupts for SMP systems...
         Starting Permit User Sessions...
         Starting LSB: automatic crash report generation...
[[0;32m  OK  [0m] Started Permit User Sessions.
[[0;32m  OK  [0m] Started LSB: Set the CPU Frequency Scaling governor to "ondemand".
[[0;32m  OK  [0m] Created slice User Slice of vagrant.
         Starting User Manager for UID 1000...
[   34.139389] cloud-init[1130]: Cloud-init v. 18.3-9-g2e62cb8a-0ubuntu1~16.04.2 running 'modules:config' at Thu, 20 Sep 2018 10:51:22 +0000. Up 34.01 seconds.
[[0;32m  OK  [0m] Started Session 1 of user vagrant.
         Starting Hold until boot process finishes up...
         Starting Terminate Plymouth Boot Screen...
[[0;32m  OK  [0m] Started User Manager for UID 1000.
[[0;32m  OK  [0m] Started Apply the settings specified in cloud-config.
[[0;32m  OK  [0m] Started LSB: daemon to balance interrupts for SMP systems.
[[0;32m  OK  [0m] Started LSB: automatic crash report generation.
[[0;32m  OK  [0m] Started Hold until boot process finishes up.
[[0;32m  OK  [0m] Started Terminate Plymouth Boot Screen.
         Starting Set console scheme...
[[0;32m  OK  [0m] Started Serial Getty on ttyS0.
[[0;32m  OK  [0m] Started Getty on tty1.
[[0;32m  OK  [0m] Reached target Login Prompts.
[[0;32m  OK  [0m] Reached target Multi-User System.
[[0;32m  OK  [0m] Reached target Graphical Interface.
         Starting Update UTMP about System Runlevel Changes...
         Starting Execute cloud user/final scripts...
[[0;32m  OK  [0m] Started Set console scheme.
[[0;32m  OK  [0m] Started Update UTMP about System Runlevel Changes.
[   35.445646] cloud-init[1211]: Cloud-init v. 18.3-9-g2e62cb8a-0ubuntu1~16.04.2 running 'modules:final' at Thu, 20 Sep 2018 10:51:24 +0000. Up 35.26 seconds.
[   35.564702] cloud-init[1211]: Cloud-init v. 18.3-9-g2e62cb8a-0ubuntu1~16.04.2 finished at Thu, 20 Sep 2018 10:51:24 +0000. Datasource DataSourceNoCloud [seed=/dev/sdb][dsmode=net].  Up 35.44 seconds
[[0;32m  OK  [0m] Started Execute cloud user/final scripts.
[[0;32m  OK  [0m] Reached target Cloud-init target.
         Starting Daily apt download activities...
         Stopping User Manager for UID 1000...
[[0;32m  OK  [0m] Stopped User Manager for UID 1000.
[[0;32m  OK  [0m] Removed slice User Slice of vagrant.

Ubuntu 16.04.5 LTS ubuntu-xenial ttyS0

ubuntu-xenial login: 